#
# There is insufficient memory for the Java Runtime Environment to continue.
# Native memory allocation (malloc) failed to allocate 1048576 bytes. Error detail: AllocateHeap
# Possible reasons:
#   The system is out of physical RAM or swap space
#   This process is running with CompressedOops enabled, and the Java Heap may be blocking the growth of the native heap
# Possible solutions:
#   Reduce memory load on the system
#   Increase physical memory or swap space
#   Check if swap backing store is full
#   Decrease Java heap size (-Xmx/-Xms)
#   Decrease number of Java threads
#   Decrease Java thread stack sizes (-Xss)
#   Set larger code cache with -XX:ReservedCodeCacheSize=
#   JVM is running with Unscaled Compressed Oops mode in which the Java heap is
#     placed in the first 4GB address space. The Java Heap base address is the
#     maximum limit for the native heap growth. Please use -XX:HeapBaseMinAddress
#     to set the Java Heap base and to place the Java Heap above 4GB virtual address.
# This output file may be truncated or incomplete.
#
#  Out of Memory Error (allocation.cpp:44), pid=15536, tid=16000
#
# JRE version: OpenJDK Runtime Environment Temurin-17.0.12+7 (17.0.12+7) (build 17.0.12+7)
# Java VM: OpenJDK 64-Bit Server VM Temurin-17.0.12+7 (17.0.12+7, mixed mode, emulated-client, tiered, compressed oops, compressed class ptrs, g1 gc, windows-amd64)
# No core dump will be written. Minidumps are not enabled by default on client versions of Windows
#

---------------  S U M M A R Y ------------

Command Line: -Xmx1024m -Dsts.lsp.client=vscode -Dsts.log.file=/dev/null -XX:TieredStopAtLevel=1 -Xlog:jni+resolve=off c:\Users\usuario\.vscode\extensions\vmware.vscode-spring-boot-1.57.0\language-server\spring-boot-language-server-1.57.0-SNAPSHOT-exec.jar

Host: Intel(R) Core(TM) i5-6200U CPU @ 2.30GHz, 4 cores, 3G,  Windows 10 , 64 bit Build 19041 (10.0.19041.4842)
Time: Wed Sep 25 10:09:35 2024 Hora est. Pacífico, Sudamérica elapsed time: 2240.083102 seconds (0d 0h 37m 20s)

---------------  T H R E A D  ---------------

Current thread (0x00000208e5b81630):  VMThread "VM Thread" [stack: 0x000000db15d00000,0x000000db15e00000] [id=16000]

Stack: [0x000000db15d00000,0x000000db15e00000]
Native frames: (J=compiled Java code, j=interpreted, Vv=VM code, C=native code)
V  [jvm.dll+0x67f929]
V  [jvm.dll+0x8371ba]
V  [jvm.dll+0x838c7e]
V  [jvm.dll+0x8392e3]
V  [jvm.dll+0x24834f]
V  [jvm.dll+0xa70d3]
V  [jvm.dll+0x2f9073]
V  [jvm.dll+0x2f4d00]
V  [jvm.dll+0x2dd82f]
V  [jvm.dll+0x3201f7]
V  [jvm.dll+0x83d7dd]
V  [jvm.dll+0x83e522]
V  [jvm.dll+0x83ea4f]
V  [jvm.dll+0x83ee34]
V  [jvm.dll+0x83ef00]
V  [jvm.dll+0x7e65dc]
V  [jvm.dll+0x67e7f7]
C  [ucrtbase.dll+0x21bb2]
C  [KERNEL32.DLL+0x17374]
C  [ntdll.dll+0x4cc91]

VM_Operation (0x000000db16ffee80): G1CollectFull, mode: safepoint, requested by thread 0x00000208eb4f7830


---------------  P R O C E S S  ---------------

Threads class SMR info:
_java_thread_list=0x00000208ec961ff0, length=24, elements={
0x00000208e5b97740, 0x00000208e5b9a2c0, 0x00000208e5be6010, 0x00000208e5be6e90,
0x00000208e5bea870, 0x00000208e5bec150, 0x00000208e5beca20, 0x00000208e5c18660,
0x00000208ea10cd50, 0x00000208ea113ba0, 0x00000208eb7a28c0, 0x00000208eb4f7830,
0x00000208eb7d3410, 0x00000208db64b450, 0x00000208eb6bfa50, 0x00000208eb9004a0,
0x00000208eb902810, 0x00000208eb9018e0, 0x00000208eb902300, 0x00000208eb8ff060,
0x00000208eb8ff570, 0x00000208eb9009b0, 0x00000208eb98b280, 0x00000208eb989930
}

Java Threads: ( => current thread )
  0x00000208e5b97740 JavaThread "Reference Handler" daemon [_thread_blocked, id=5148, stack(0x000000db15e00000,0x000000db15f00000)]
  0x00000208e5b9a2c0 JavaThread "Finalizer" daemon [_thread_blocked, id=3160, stack(0x000000db15f00000,0x000000db16000000)]
  0x00000208e5be6010 JavaThread "Signal Dispatcher" daemon [_thread_blocked, id=2892, stack(0x000000db16000000,0x000000db16100000)]
  0x00000208e5be6e90 JavaThread "Attach Listener" daemon [_thread_blocked, id=19092, stack(0x000000db16100000,0x000000db16200000)]
  0x00000208e5bea870 JavaThread "Service Thread" daemon [_thread_blocked, id=19324, stack(0x000000db16200000,0x000000db16300000)]
  0x00000208e5bec150 JavaThread "Monitor Deflation Thread" daemon [_thread_blocked, id=4128, stack(0x000000db16300000,0x000000db16400000)]
  0x00000208e5beca20 JavaThread "C1 CompilerThread0" daemon [_thread_blocked, id=14900, stack(0x000000db16400000,0x000000db16500000)]
  0x00000208e5c18660 JavaThread "Sweeper thread" daemon [_thread_blocked, id=11600, stack(0x000000db16500000,0x000000db16600000)]
  0x00000208ea10cd50 JavaThread "Notification Thread" daemon [_thread_blocked, id=4484, stack(0x000000db16600000,0x000000db16700000)]
  0x00000208ea113ba0 JavaThread "Common-Cleaner" daemon [_thread_blocked, id=13768, stack(0x000000db16800000,0x000000db16900000)]
  0x00000208eb7a28c0 JavaThread "boundedElastic-evictor-1" daemon [_thread_blocked, id=16864, stack(0x000000db16e00000,0x000000db16f00000)]
  0x00000208eb4f7830 JavaThread "pool-13-thread-1" [_thread_blocked, id=80, stack(0x000000db16f00000,0x000000db17000000)]
  0x00000208eb7d3410 JavaThread "LanguageServerApp-lifecycle" [_thread_blocked, id=6124, stack(0x000000db17000000,0x000000db17100000)]
  0x00000208db64b450 JavaThread "DestroyJavaVM" [_thread_blocked, id=11812, stack(0x000000db15700000,0x000000db15800000)]
  0x00000208eb6bfa50 JavaThread "pool-14-thread-1" [_thread_in_native, id=5620, stack(0x000000db17100000,0x000000db17200000)]
  0x00000208eb9004a0 JavaThread "Simple-Language-Server main thread" daemon [_thread_blocked, id=15828, stack(0x000000db17200000,0x000000db17300000)]
  0x00000208eb902810 JavaThread "pool-8-thread-1" [_thread_blocked, id=3720, stack(0x000000db17500000,0x000000db17600000)]
  0x00000208eb9018e0 JavaThread "parallel-1" daemon [_thread_blocked, id=17036, stack(0x000000db17600000,0x000000db17700000)]
  0x00000208eb902300 JavaThread "pool-6-thread-1" [_thread_blocked, id=11800, stack(0x000000db17700000,0x000000db17800000)]
  0x00000208eb8ff060 JavaThread "parallel-2" daemon [_thread_blocked, id=12372, stack(0x000000db17800000,0x000000db17900000)]
  0x00000208eb8ff570 JavaThread "Reconciler-1" daemon [_thread_blocked, id=17452, stack(0x000000db17900000,0x000000db17a00000)]
  0x00000208eb9009b0 JavaThread "parallel-3" daemon [_thread_blocked, id=7532, stack(0x000000db17a00000,0x000000db17b00000)]
  0x00000208eb98b280 JavaThread "parallel-4" daemon [_thread_blocked, id=4764, stack(0x000000db18100000,0x000000db18200000)]
  0x00000208eb989930 JavaThread "CompletableFutureDelayScheduler" daemon [_thread_blocked, id=5096, stack(0x000000db18800000,0x000000db18900000)]

Other Threads:
=>0x00000208e5b81630 VMThread "VM Thread" [stack: 0x000000db15d00000,0x000000db15e00000] [id=16000]
  0x00000208db6f0ba0 WatcherThread [stack: 0x000000db16700000,0x000000db16800000] [id=5244]
  0x00000208db689260 GCTaskThread "GC Thread#0" [stack: 0x000000db15800000,0x000000db15900000] [id=16484]
  0x00000208ea3fa750 GCTaskThread "GC Thread#1" [stack: 0x000000db16900000,0x000000db16a00000] [id=4752]
  0x00000208ea82d540 GCTaskThread "GC Thread#2" [stack: 0x000000db16a00000,0x000000db16b00000] [id=9332]
  0x00000208ea9f1f40 GCTaskThread "GC Thread#3" [stack: 0x000000db16b00000,0x000000db16c00000] [id=18584]
  0x00000208db6921b0 ConcurrentGCThread "G1 Main Marker" [stack: 0x000000db15900000,0x000000db15a00000] [id=13756]
  0x00000208db692bd0 ConcurrentGCThread "G1 Conc#0" [stack: 0x000000db15a00000,0x000000db15b00000] [id=18948]
  0x00000208db6cf890 ConcurrentGCThread "G1 Refine#0" [stack: 0x000000db15b00000,0x000000db15c00000] [id=17900]
  0x00000208db6d02c0 ConcurrentGCThread "G1 Service" [stack: 0x000000db15c00000,0x000000db15d00000] [id=17668]

Threads with active compile tasks:

VM state: at safepoint (normal execution)

VM Mutex/Monitor currently owned by a thread:  ([mutex/lock_event])
[0x00000208db645e10] Threads_lock - owner thread: 0x00000208e5b81630
[0x00000208db646560] Heap_lock - owner thread: 0x00000208eb4f7830

Heap address: 0x00000000c0000000, size: 1024 MB, Compressed Oops mode: 32-bit

CDS archive(s) not mapped
Compressed class space mapped at: 0x0000000100000000-0x0000000140000000, reserved size: 1073741824
Narrow klass base: 0x0000000000000000, Narrow klass shift: 3, Narrow klass range: 0x140000000

GC Precious Log:
 CPUs: 4 total, 4 available
 Memory: 3934M
 Large Page Support: Disabled
 NUMA Support: Disabled
 Compressed Oops: Enabled (32-bit)
 Heap Region Size: 1M
 Heap Min Capacity: 8M
 Heap Initial Capacity: 62M
 Heap Max Capacity: 1G
 Pre-touch: Disabled
 Parallel Workers: 4
 Concurrent Workers: 1
 Concurrent Refinement Workers: 4
 Periodic GC: Disabled

Heap:
 garbage-first heap   total 109568K, used 42637K [0x00000000c0000000, 0x0000000100000000)
  region size 1024K, 1 young (1024K), 0 survivors (0K)
 Metaspace       used 61497K, committed 62144K, reserved 1114112K
  class space    used 7738K, committed 8064K, reserved 1048576K

Heap Regions: E=young(eden), S=young(survivor), O=old, HS=humongous(starts), HC=humongous(continues), CS=collection set, F=free, OA=open archive, CA=closed archive, TAMS=top-at-mark-start (previous, next)
|   0|0x00000000c0000000, 0x00000000c0100000, 0x00000000c0100000|100%|HS|  |TAMS 0x00000000c0100000, 0x00000000c0000000| Untracked 
|   1|0x00000000c0100000, 0x00000000c0200000, 0x00000000c0200000|100%|HC|  |TAMS 0x00000000c0200000, 0x00000000c0100000| Untracked 
|   2|0x00000000c0200000, 0x00000000c0300000, 0x00000000c0300000|100%|HC|  |TAMS 0x00000000c0300000, 0x00000000c0200000| Untracked 
|   3|0x00000000c0300000, 0x00000000c0400000, 0x00000000c0400000|100%|HC|  |TAMS 0x00000000c0400000, 0x00000000c0300000| Untracked 
|   4|0x00000000c0400000, 0x00000000c0500000, 0x00000000c0500000|100%|HS|  |TAMS 0x00000000c0500000, 0x00000000c0400000| Untracked 
|   5|0x00000000c0500000, 0x00000000c0600000, 0x00000000c0600000|100%|HC|  |TAMS 0x00000000c0600000, 0x00000000c0500000| Untracked 
|   6|0x00000000c0600000, 0x00000000c06fff88, 0x00000000c0700000| 99%| O|  |TAMS 0x00000000c06fff88, 0x00000000c0600000| Untracked 
|   7|0x00000000c0700000, 0x00000000c0800000, 0x00000000c0800000|100%| O|  |TAMS 0x00000000c0800000, 0x00000000c0700000| Untracked 
|   8|0x00000000c0800000, 0x00000000c0900000, 0x00000000c0900000|100%| O|  |TAMS 0x00000000c0900000, 0x00000000c0800000| Untracked 
|   9|0x00000000c0900000, 0x00000000c0a00000, 0x00000000c0a00000|100%| O|  |TAMS 0x00000000c0a00000, 0x00000000c0900000| Untracked 
|  10|0x00000000c0a00000, 0x00000000c0b00000, 0x00000000c0b00000|100%| O|  |TAMS 0x00000000c0b00000, 0x00000000c0a00000| Untracked 
|  11|0x00000000c0b00000, 0x00000000c0c00000, 0x00000000c0c00000|100%| O|  |TAMS 0x00000000c0c00000, 0x00000000c0b00000| Untracked 
|  12|0x00000000c0c00000, 0x00000000c0cffff0, 0x00000000c0d00000| 99%| O|  |TAMS 0x00000000c0cffff0, 0x00000000c0c00000| Untracked 
|  13|0x00000000c0d00000, 0x00000000c0dfffe8, 0x00000000c0e00000| 99%| O|  |TAMS 0x00000000c0dfffe8, 0x00000000c0d00000| Untracked 
|  14|0x00000000c0e00000, 0x00000000c0f00000, 0x00000000c0f00000|100%| O|  |TAMS 0x00000000c0f00000, 0x00000000c0e00000| Untracked 
|  15|0x00000000c0f00000, 0x00000000c1000000, 0x00000000c1000000|100%| O|  |TAMS 0x00000000c1000000, 0x00000000c0f00000| Untracked 
|  16|0x00000000c1000000, 0x00000000c1100000, 0x00000000c1100000|100%| O|  |TAMS 0x00000000c1100000, 0x00000000c1000000| Untracked 
|  17|0x00000000c1100000, 0x00000000c11ffff8, 0x00000000c1200000| 99%| O|  |TAMS 0x00000000c11ffff8, 0x00000000c1100000| Untracked 
|  18|0x00000000c1200000, 0x00000000c12ffff8, 0x00000000c1300000| 99%| O|  |TAMS 0x00000000c12ffff8, 0x00000000c1200000| Untracked 
|  19|0x00000000c1300000, 0x00000000c13ffff8, 0x00000000c1400000| 99%| O|  |TAMS 0x00000000c13ffff8, 0x00000000c1300000| Untracked 
|  20|0x00000000c1400000, 0x00000000c14ffff8, 0x00000000c1500000| 99%| O|  |TAMS 0x00000000c14ffff8, 0x00000000c1400000| Untracked 
|  21|0x00000000c1500000, 0x00000000c15fb0e0, 0x00000000c1600000| 98%| O|  |TAMS 0x00000000c15fb0e0, 0x00000000c1500000| Untracked 
|  22|0x00000000c1600000, 0x00000000c1700000, 0x00000000c1700000|100%| O|  |TAMS 0x00000000c1700000, 0x00000000c1600000| Untracked 
|  23|0x00000000c1700000, 0x00000000c17fffe8, 0x00000000c1800000| 99%| O|  |TAMS 0x00000000c17fffe8, 0x00000000c1700000| Untracked 
|  24|0x00000000c1800000, 0x00000000c18fffd8, 0x00000000c1900000| 99%| O|  |TAMS 0x00000000c18fffd8, 0x00000000c1800000| Untracked 
|  25|0x00000000c1900000, 0x00000000c19fffe0, 0x00000000c1a00000| 99%| O|  |TAMS 0x00000000c19fffe0, 0x00000000c1900000| Untracked 
|  26|0x00000000c1a00000, 0x00000000c1affff0, 0x00000000c1b00000| 99%| O|  |TAMS 0x00000000c1affff0, 0x00000000c1a00000| Untracked 
|  27|0x00000000c1b00000, 0x00000000c1bfffc8, 0x00000000c1c00000| 99%| O|  |TAMS 0x00000000c1bfffc8, 0x00000000c1b00000| Untracked 
|  28|0x00000000c1c00000, 0x00000000c1cffff0, 0x00000000c1d00000| 99%| O|  |TAMS 0x00000000c1cffff0, 0x00000000c1c00000| Untracked 
|  29|0x00000000c1d00000, 0x00000000c1dfffe8, 0x00000000c1e00000| 99%| O|  |TAMS 0x00000000c1dfffe8, 0x00000000c1d00000| Untracked 
|  30|0x00000000c1e00000, 0x00000000c1efffe8, 0x00000000c1f00000| 99%| O|  |TAMS 0x00000000c1efffe8, 0x00000000c1e00000| Untracked 
|  31|0x00000000c1f00000, 0x00000000c1fff948, 0x00000000c2000000| 99%| O|  |TAMS 0x00000000c1fff948, 0x00000000c1f00000| Untracked 
|  32|0x00000000c2000000, 0x00000000c20fff90, 0x00000000c2100000| 99%| O|  |TAMS 0x00000000c20fff90, 0x00000000c2000000| Untracked 
|  33|0x00000000c2100000, 0x00000000c2200000, 0x00000000c2200000|100%|HS|  |TAMS 0x00000000c2200000, 0x00000000c2100000| Untracked 
|  34|0x00000000c2200000, 0x00000000c22fae68, 0x00000000c2300000| 98%| O|  |TAMS 0x00000000c22fae68, 0x00000000c2200000| Untracked 
|  35|0x00000000c2300000, 0x00000000c23fffe0, 0x00000000c2400000| 99%| O|  |TAMS 0x00000000c23fffe0, 0x00000000c2300000| Untracked 
|  36|0x00000000c2400000, 0x00000000c24ffa08, 0x00000000c2500000| 99%| O|  |TAMS 0x00000000c24ffa08, 0x00000000c2400000| Untracked 
|  37|0x00000000c2500000, 0x00000000c25ae438, 0x00000000c2600000| 68%| O|  |TAMS 0x00000000c2500000, 0x00000000c2500000| Untracked 
|  38|0x00000000c2600000, 0x00000000c2600058, 0x00000000c2700000|  0%| O|  |TAMS 0x00000000c2600000, 0x00000000c2600000| Untracked 
|  39|0x00000000c2700000, 0x00000000c2700000, 0x00000000c2800000|  0%| F|  |TAMS 0x00000000c2700000, 0x00000000c2700000| Untracked 
|  40|0x00000000c2800000, 0x00000000c2800000, 0x00000000c2900000|  0%| F|  |TAMS 0x00000000c2800000, 0x00000000c2800000| Untracked 
|  41|0x00000000c2900000, 0x00000000c2900000, 0x00000000c2a00000|  0%| F|  |TAMS 0x00000000c2900000, 0x00000000c2900000| Untracked 
|  42|0x00000000c2a00000, 0x00000000c2a00000, 0x00000000c2b00000|  0%| F|  |TAMS 0x00000000c2a00000, 0x00000000c2a00000| Untracked 
|  43|0x00000000c2b00000, 0x00000000c2b00000, 0x00000000c2c00000|  0%| F|  |TAMS 0x00000000c2b00000, 0x00000000c2b00000| Untracked 
|  44|0x00000000c2c00000, 0x00000000c2c00000, 0x00000000c2d00000|  0%| F|  |TAMS 0x00000000c2c00000, 0x00000000c2c00000| Untracked 
|  45|0x00000000c2d00000, 0x00000000c2d00000, 0x00000000c2e00000|  0%| F|  |TAMS 0x00000000c2d00000, 0x00000000c2d00000| Untracked 
|  46|0x00000000c2e00000, 0x00000000c2e00000, 0x00000000c2f00000|  0%| F|  |TAMS 0x00000000c2e00000, 0x00000000c2e00000| Untracked 
|  47|0x00000000c2f00000, 0x00000000c2f00000, 0x00000000c3000000|  0%| F|  |TAMS 0x00000000c2f00000, 0x00000000c2f00000| Untracked 
|  48|0x00000000c3000000, 0x00000000c3000000, 0x00000000c3100000|  0%| F|  |TAMS 0x00000000c3000000, 0x00000000c3000000| Untracked 
|  49|0x00000000c3100000, 0x00000000c3100000, 0x00000000c3200000|  0%| F|  |TAMS 0x00000000c3100000, 0x00000000c3100000| Untracked 
|  50|0x00000000c3200000, 0x00000000c3200000, 0x00000000c3300000|  0%| F|  |TAMS 0x00000000c3200000, 0x00000000c3200000| Untracked 
|  51|0x00000000c3300000, 0x00000000c3300000, 0x00000000c3400000|  0%| F|  |TAMS 0x00000000c3300000, 0x00000000c3300000| Untracked 
|  52|0x00000000c3400000, 0x00000000c3400000, 0x00000000c3500000|  0%| F|  |TAMS 0x00000000c3400000, 0x00000000c3400000| Untracked 
|  53|0x00000000c3500000, 0x00000000c3500000, 0x00000000c3600000|  0%| F|  |TAMS 0x00000000c3500000, 0x00000000c3500000| Untracked 
|  54|0x00000000c3600000, 0x00000000c3600000, 0x00000000c3700000|  0%| F|  |TAMS 0x00000000c3600000, 0x00000000c3600000| Untracked 
|  55|0x00000000c3700000, 0x00000000c3700000, 0x00000000c3800000|  0%| F|  |TAMS 0x00000000c3700000, 0x00000000c3700000| Untracked 
|  56|0x00000000c3800000, 0x00000000c3800000, 0x00000000c3900000|  0%| F|  |TAMS 0x00000000c3800000, 0x00000000c3800000| Untracked 
|  57|0x00000000c3900000, 0x00000000c3900000, 0x00000000c3a00000|  0%| F|  |TAMS 0x00000000c3900000, 0x00000000c3900000| Untracked 
|  58|0x00000000c3a00000, 0x00000000c3a00000, 0x00000000c3b00000|  0%| F|  |TAMS 0x00000000c3a00000, 0x00000000c3a00000| Untracked 
|  59|0x00000000c3b00000, 0x00000000c3b00000, 0x00000000c3c00000|  0%| F|  |TAMS 0x00000000c3b00000, 0x00000000c3b00000| Untracked 
|  60|0x00000000c3c00000, 0x00000000c3c00000, 0x00000000c3d00000|  0%| F|  |TAMS 0x00000000c3c00000, 0x00000000c3c00000| Untracked 
|  61|0x00000000c3d00000, 0x00000000c3d00000, 0x00000000c3e00000|  0%| F|  |TAMS 0x00000000c3d00000, 0x00000000c3d00000| Untracked 
|  62|0x00000000c3e00000, 0x00000000c3e00000, 0x00000000c3f00000|  0%| F|  |TAMS 0x00000000c3e00000, 0x00000000c3e00000| Untracked 
|  63|0x00000000c3f00000, 0x00000000c3f00000, 0x00000000c4000000|  0%| F|  |TAMS 0x00000000c3f00000, 0x00000000c3f00000| Untracked 
|  64|0x00000000c4000000, 0x00000000c4000000, 0x00000000c4100000|  0%| F|  |TAMS 0x00000000c4000000, 0x00000000c4000000| Untracked 
|  65|0x00000000c4100000, 0x00000000c4100000, 0x00000000c4200000|  0%| F|  |TAMS 0x00000000c4100000, 0x00000000c4100000| Untracked 
|  66|0x00000000c4200000, 0x00000000c4200000, 0x00000000c4300000|  0%| F|  |TAMS 0x00000000c4200000, 0x00000000c4200000| Untracked 
|  67|0x00000000c4300000, 0x00000000c4300000, 0x00000000c4400000|  0%| F|  |TAMS 0x00000000c4300000, 0x00000000c4300000| Untracked 
|  68|0x00000000c4400000, 0x00000000c4400000, 0x00000000c4500000|  0%| F|  |TAMS 0x00000000c4400000, 0x00000000c4400000| Untracked 
|  69|0x00000000c4500000, 0x00000000c4500000, 0x00000000c4600000|  0%| F|  |TAMS 0x00000000c4500000, 0x00000000c4500000| Untracked 
|  70|0x00000000c4600000, 0x00000000c4600000, 0x00000000c4700000|  0%| F|  |TAMS 0x00000000c4600000, 0x00000000c4600000| Untracked 
|  71|0x00000000c4700000, 0x00000000c4700000, 0x00000000c4800000|  0%| F|  |TAMS 0x00000000c4700000, 0x00000000c4700000| Untracked 
|  72|0x00000000c4800000, 0x00000000c4800000, 0x00000000c4900000|  0%| F|  |TAMS 0x00000000c4800000, 0x00000000c4800000| Untracked 
|  73|0x00000000c4900000, 0x00000000c4900000, 0x00000000c4a00000|  0%| F|  |TAMS 0x00000000c4900000, 0x00000000c4900000| Untracked 
|  74|0x00000000c4a00000, 0x00000000c4a00000, 0x00000000c4b00000|  0%| F|  |TAMS 0x00000000c4a00000, 0x00000000c4a00000| Untracked 
|  75|0x00000000c4b00000, 0x00000000c4b00000, 0x00000000c4c00000|  0%| F|  |TAMS 0x00000000c4b00000, 0x00000000c4b00000| Untracked 
|  76|0x00000000c4c00000, 0x00000000c4c00000, 0x00000000c4d00000|  0%| F|  |TAMS 0x00000000c4c00000, 0x00000000c4c00000| Untracked 
|  77|0x00000000c4d00000, 0x00000000c4d00000, 0x00000000c4e00000|  0%| F|  |TAMS 0x00000000c4d00000, 0x00000000c4d00000| Untracked 
|  78|0x00000000c4e00000, 0x00000000c4e00000, 0x00000000c4f00000|  0%| F|  |TAMS 0x00000000c4e00000, 0x00000000c4e00000| Untracked 
|  79|0x00000000c4f00000, 0x00000000c4f00000, 0x00000000c5000000|  0%| F|  |TAMS 0x00000000c4f00000, 0x00000000c4f00000| Untracked 
|  80|0x00000000c5000000, 0x00000000c5000000, 0x00000000c5100000|  0%| F|  |TAMS 0x00000000c5000000, 0x00000000c5000000| Untracked 
|  81|0x00000000c5100000, 0x00000000c5100000, 0x00000000c5200000|  0%| F|  |TAMS 0x00000000c5100000, 0x00000000c5100000| Untracked 
|  82|0x00000000c5200000, 0x00000000c5200000, 0x00000000c5300000|  0%| F|  |TAMS 0x00000000c5200000, 0x00000000c5200000| Untracked 
|  83|0x00000000c5300000, 0x00000000c5300000, 0x00000000c5400000|  0%| F|  |TAMS 0x00000000c5300000, 0x00000000c5300000| Untracked 
|  84|0x00000000c5400000, 0x00000000c5400000, 0x00000000c5500000|  0%| F|  |TAMS 0x00000000c5400000, 0x00000000c5400000| Untracked 
|  85|0x00000000c5500000, 0x00000000c5500000, 0x00000000c5600000|  0%| F|  |TAMS 0x00000000c5500000, 0x00000000c5500000| Untracked 
|  86|0x00000000c5600000, 0x00000000c5600000, 0x00000000c5700000|  0%| F|  |TAMS 0x00000000c5600000, 0x00000000c5600000| Untracked 
|  87|0x00000000c5700000, 0x00000000c5700000, 0x00000000c5800000|  0%| F|  |TAMS 0x00000000c5700000, 0x00000000c5700000| Untracked 
|  88|0x00000000c5800000, 0x00000000c5800000, 0x00000000c5900000|  0%| F|  |TAMS 0x00000000c5800000, 0x00000000c5800000| Untracked 
|  89|0x00000000c5900000, 0x00000000c5900000, 0x00000000c5a00000|  0%| F|  |TAMS 0x00000000c5900000, 0x00000000c5900000| Untracked 
|  90|0x00000000c5a00000, 0x00000000c5a00000, 0x00000000c5b00000|  0%| F|  |TAMS 0x00000000c5a00000, 0x00000000c5a00000| Untracked 
|  91|0x00000000c5b00000, 0x00000000c5b00000, 0x00000000c5c00000|  0%| F|  |TAMS 0x00000000c5b00000, 0x00000000c5b00000| Untracked 
|  92|0x00000000c5c00000, 0x00000000c5c00000, 0x00000000c5d00000|  0%| F|  |TAMS 0x00000000c5c00000, 0x00000000c5c00000| Untracked 
|  93|0x00000000c5d00000, 0x00000000c5d00000, 0x00000000c5e00000|  0%| F|  |TAMS 0x00000000c5d00000, 0x00000000c5d00000| Untracked 
|  94|0x00000000c5e00000, 0x00000000c5e00000, 0x00000000c5f00000|  0%| F|  |TAMS 0x00000000c5e00000, 0x00000000c5e00000| Untracked 
|  95|0x00000000c5f00000, 0x00000000c5f00000, 0x00000000c6000000|  0%| F|  |TAMS 0x00000000c5f00000, 0x00000000c5f00000| Untracked 
|  96|0x00000000c6000000, 0x00000000c6000000, 0x00000000c6100000|  0%| F|  |TAMS 0x00000000c6000000, 0x00000000c6000000| Untracked 
|  97|0x00000000c6100000, 0x00000000c6100000, 0x00000000c6200000|  0%| F|  |TAMS 0x00000000c6100000, 0x00000000c6100000| Untracked 
|  98|0x00000000c6200000, 0x00000000c6200000, 0x00000000c6300000|  0%| F|  |TAMS 0x00000000c6200000, 0x00000000c6200000| Untracked 
|  99|0x00000000c6300000, 0x00000000c6400000, 0x00000000c6400000|100%| O|  |TAMS 0x00000000c6400000, 0x00000000c6300000| Untracked 
| 100|0x00000000c6400000, 0x00000000c6500000, 0x00000000c6500000|100%| O|  |TAMS 0x00000000c6500000, 0x00000000c6400000| Untracked 
| 101|0x00000000c6500000, 0x00000000c6500000, 0x00000000c6600000|  0%| F|  |TAMS 0x00000000c6500000, 0x00000000c6500000| Untracked 
| 102|0x00000000c6600000, 0x00000000c6700000, 0x00000000c6700000|100%| O|  |TAMS 0x00000000c6700000, 0x00000000c6600000| Untracked 
| 103|0x00000000c6700000, 0x00000000c6800000, 0x00000000c6800000|100%| O|  |TAMS 0x00000000c6800000, 0x00000000c6700000| Untracked 
| 104|0x00000000c6800000, 0x00000000c6800000, 0x00000000c6900000|  0%| F|  |TAMS 0x00000000c6800000, 0x00000000c6800000| Untracked 
| 105|0x00000000c6900000, 0x00000000c6900000, 0x00000000c6a00000|  0%| F|  |TAMS 0x00000000c6900000, 0x00000000c6900000| Untracked 
| 106|0x00000000c6a00000, 0x00000000c6a058a8, 0x00000000c6b00000|  2%| E|  |TAMS 0x00000000c6a00000, 0x00000000c6a00000| Complete 

Card table byte_map: [0x00000208e12f0000,0x00000208e14f0000] _byte_map_base: 0x00000208e0cf0000

Marking Bits (Prev, Next): (CMBitMap*) 0x00000208db6898c0, (CMBitMap*) 0x00000208db689880
 Prev Bits: [0x00000208e26f0000, 0x00000208e36f0000)
 Next Bits: [0x00000208e16f0000, 0x00000208e26f0000)

Polling page: 0x00000208d95e0000

Metaspace:

Usage:
  Non-class:     52.50 MB used.
      Class:      7.56 MB used.
       Both:     60.06 MB used.

Virtual space:
  Non-class space:       64.00 MB reserved,      52.81 MB ( 83%) committed,  1 nodes.
      Class space:        1.00 GB reserved,       7.88 MB ( <1%) committed,  1 nodes.
             Both:        1.06 GB reserved,      60.69 MB (  6%) committed. 

Chunk freelists:
   Non-Class:  10.35 MB
       Class:  8.13 MB
        Both:  18.48 MB

MaxMetaspaceSize: unlimited
CompressedClassSpaceSize: 1.00 GB
Initial GC threshold: 21.00 MB
Current GC threshold: 101.19 MB
CDS: off
MetaspaceReclaimPolicy: balanced
 - commit_granule_bytes: 65536.
 - commit_granule_words: 8192.
 - virtual_space_node_default_size: 8388608.
 - enlarge_chunks_in_place: 1.
 - new_chunks_are_fully_committed: 0.
 - uncommit_free_chunks: 1.
 - use_allocation_guard: 0.
 - handle_deallocations: 1.


Internal statistics:

num_allocs_failed_limit: 6.
num_arena_births: 774.
num_arena_deaths: 276.
num_vsnodes_births: 2.
num_vsnodes_deaths: 0.
num_space_committed: 970.
num_space_uncommitted: 0.
num_chunks_returned_to_freelist: 326.
num_chunks_taken_from_freelist: 2821.
num_chunk_merges: 108.
num_chunk_splits: 1863.
num_chunks_enlarged: 1377.
num_inconsistent_stats: 0.

CodeCache: size=49152Kb used=17292Kb max_used=17292Kb free=31859Kb
 bounds [0x00000208de2f0000, 0x00000208df3e0000, 0x00000208e12f0000]
 total_blobs=9678 nmethods=9019 adapters=584
 compilation: enabled
              stopped_count=0, restarted_count=0
 full_count=0

Compilation events (20 events):
Event: 2026.136 Thread 0x00000208e5beca20 9115       1       jdk.internal.jrtfs.JrtFileSystem::newByteChannel (44 bytes)
Event: 2026.152 Thread 0x00000208e5beca20 nmethod 9115 0x00000208df3ce210 code [0x00000208df3ce400, 0x00000208df3ceaa8]
Event: 2026.613 Thread 0x00000208e5beca20 9116       1       org.eclipse.jdt.internal.compiler.lookup.MethodBinding::isDefaultMethod (15 bytes)
Event: 2026.614 Thread 0x00000208e5beca20 nmethod 9116 0x00000208df3ced10 code [0x00000208df3ceea0, 0x00000208df3cefb8]
Event: 2026.682 Thread 0x00000208e5beca20 9117   !   1       org.eclipse.jdt.internal.compiler.ast.FieldDeclaration::resolveJavadoc (197 bytes)
Event: 2026.710 Thread 0x00000208e5beca20 nmethod 9117 0x00000208df3cf010 code [0x00000208df3cf200, 0x00000208df3cf758]
Event: 2026.747 Thread 0x00000208e5beca20 9118       1       org.eclipse.jdt.internal.compiler.ast.ThisReference::generateCode (34 bytes)
Event: 2026.750 Thread 0x00000208e5beca20 nmethod 9118 0x00000208df3cfb10 code [0x00000208df3cfcc0, 0x00000208df3cfe18]
Event: 2026.841 Thread 0x00000208e5beca20 9119       1       org.eclipse.jdt.core.dom.DefaultCommentMapper::initialize (256 bytes)
Event: 2026.851 Thread 0x00000208e5beca20 nmethod 9119 0x00000208df3cff10 code [0x00000208df3d0140, 0x00000208df3d0bf8]
Event: 2072.068 Thread 0x00000208e5beca20 9120       1       java.lang.invoke.Invokers$Holder::linkToTargetMethod (9 bytes)
Event: 2072.074 Thread 0x00000208e5beca20 nmethod 9120 0x00000208df3d0f90 code [0x00000208df3d1140, 0x00000208df3d1258]
Event: 2084.004 Thread 0x00000208e5beca20 9121   !   1       java.lang.ref.Reference::processPendingReferences (118 bytes)
Event: 2084.178 Thread 0x00000208e5beca20 nmethod 9121 0x00000208df3d1310 code [0x00000208df3d1560, 0x00000208df3d1bb8]
Event: 2086.875 Thread 0x00000208e5beca20 9122       1       java.util.concurrent.SynchronousQueue::isEmpty (2 bytes)
Event: 2086.875 Thread 0x00000208e5beca20 nmethod 9122 0x00000208df3d1f10 code [0x00000208df3d20a0, 0x00000208df3d2178]
Event: 2105.193 Thread 0x00000208e5beca20 9123       1       org.springframework.ide.vscode.commons.languageserver.util.ParentProcessWatcher::isWindows (30 bytes)
Event: 2105.592 Thread 0x00000208e5beca20 nmethod 9123 0x00000208df3d2210 code [0x00000208df3d2440, 0x00000208df3d27c8]
Event: 2107.600 Thread 0x00000208e5beca20 9124   !   1       com.google.common.io.Closeables::close (37 bytes)
Event: 2109.037 Thread 0x00000208e5beca20 nmethod 9124 0x00000208df3d2a10 code [0x00000208df3d2c00, 0x00000208df3d2fa8]

GC Heap History (20 events):
Event: 2120.689 GC heap after
{Heap after GC invocations=138 (full 87):
 garbage-first heap   total 109568K, used 42639K [0x00000000c0000000, 0x0000000100000000)
  region size 1024K, 0 young (0K), 0 survivors (0K)
 Metaspace       used 61497K, committed 62144K, reserved 1114112K
  class space    used 7738K, committed 8064K, reserved 1048576K
}
Event: 2131.720 GC heap before
{Heap before GC invocations=138 (full 87):
 garbage-first heap   total 109568K, used 42639K [0x00000000c0000000, 0x0000000100000000)
  region size 1024K, 1 young (1024K), 0 survivors (0K)
 Metaspace       used 61497K, committed 62144K, reserved 1114112K
  class space    used 7738K, committed 8064K, reserved 1048576K
}
Event: 2131.800 GC heap after
{Heap after GC invocations=139 (full 88):
 garbage-first heap   total 109568K, used 42639K [0x00000000c0000000, 0x0000000100000000)
  region size 1024K, 0 young (0K), 0 survivors (0K)
 Metaspace       used 61497K, committed 62144K, reserved 1114112K
  class space    used 7738K, committed 8064K, reserved 1048576K
}
Event: 2142.227 GC heap before
{Heap before GC invocations=139 (full 88):
 garbage-first heap   total 109568K, used 42639K [0x00000000c0000000, 0x0000000100000000)
  region size 1024K, 1 young (1024K), 0 survivors (0K)
 Metaspace       used 61497K, committed 62144K, reserved 1114112K
  class space    used 7738K, committed 8064K, reserved 1048576K
}
Event: 2142.306 GC heap after
{Heap after GC invocations=140 (full 89):
 garbage-first heap   total 109568K, used 42637K [0x00000000c0000000, 0x0000000100000000)
  region size 1024K, 0 young (0K), 0 survivors (0K)
 Metaspace       used 61497K, committed 62144K, reserved 1114112K
  class space    used 7738K, committed 8064K, reserved 1048576K
}
Event: 2155.002 GC heap before
{Heap before GC invocations=140 (full 89):
 garbage-first heap   total 109568K, used 42637K [0x00000000c0000000, 0x0000000100000000)
  region size 1024K, 1 young (1024K), 0 survivors (0K)
 Metaspace       used 61497K, committed 62144K, reserved 1114112K
  class space    used 7738K, committed 8064K, reserved 1048576K
}
Event: 2156.323 GC heap after
{Heap after GC invocations=141 (full 90):
 garbage-first heap   total 109568K, used 42637K [0x00000000c0000000, 0x0000000100000000)
  region size 1024K, 0 young (0K), 0 survivors (0K)
 Metaspace       used 61497K, committed 62144K, reserved 1114112K
  class space    used 7738K, committed 8064K, reserved 1048576K
}
Event: 2166.792 GC heap before
{Heap before GC invocations=141 (full 90):
 garbage-first heap   total 109568K, used 42637K [0x00000000c0000000, 0x0000000100000000)
  region size 1024K, 1 young (1024K), 0 survivors (0K)
 Metaspace       used 61497K, committed 62144K, reserved 1114112K
  class space    used 7738K, committed 8064K, reserved 1048576K
}
Event: 2167.959 GC heap after
{Heap after GC invocations=142 (full 91):
 garbage-first heap   total 109568K, used 42637K [0x00000000c0000000, 0x0000000100000000)
  region size 1024K, 0 young (0K), 0 survivors (0K)
 Metaspace       used 61497K, committed 62144K, reserved 1114112K
  class space    used 7738K, committed 8064K, reserved 1048576K
}
Event: 2178.606 GC heap before
{Heap before GC invocations=142 (full 91):
 garbage-first heap   total 109568K, used 42637K [0x00000000c0000000, 0x0000000100000000)
  region size 1024K, 1 young (1024K), 0 survivors (0K)
 Metaspace       used 61497K, committed 62144K, reserved 1114112K
  class space    used 7738K, committed 8064K, reserved 1048576K
}
Event: 2179.541 GC heap after
{Heap after GC invocations=143 (full 92):
 garbage-first heap   total 109568K, used 42637K [0x00000000c0000000, 0x0000000100000000)
  region size 1024K, 0 young (0K), 0 survivors (0K)
 Metaspace       used 61497K, committed 62144K, reserved 1114112K
  class space    used 7738K, committed 8064K, reserved 1048576K
}
Event: 2190.401 GC heap before
{Heap before GC invocations=143 (full 92):
 garbage-first heap   total 109568K, used 42637K [0x00000000c0000000, 0x0000000100000000)
  region size 1024K, 1 young (1024K), 0 survivors (0K)
 Metaspace       used 61497K, committed 62144K, reserved 1114112K
  class space    used 7738K, committed 8064K, reserved 1048576K
}
Event: 2191.505 GC heap after
{Heap after GC invocations=144 (full 93):
 garbage-first heap   total 109568K, used 42637K [0x00000000c0000000, 0x0000000100000000)
  region size 1024K, 0 young (0K), 0 survivors (0K)
 Metaspace       used 61497K, committed 62144K, reserved 1114112K
  class space    used 7738K, committed 8064K, reserved 1048576K
}
Event: 2201.978 GC heap before
{Heap before GC invocations=144 (full 93):
 garbage-first heap   total 109568K, used 42637K [0x00000000c0000000, 0x0000000100000000)
  region size 1024K, 1 young (1024K), 0 survivors (0K)
 Metaspace       used 61497K, committed 62144K, reserved 1114112K
  class space    used 7738K, committed 8064K, reserved 1048576K
}
Event: 2202.044 GC heap after
{Heap after GC invocations=145 (full 94):
 garbage-first heap   total 109568K, used 42637K [0x00000000c0000000, 0x0000000100000000)
  region size 1024K, 0 young (0K), 0 survivors (0K)
 Metaspace       used 61497K, committed 62144K, reserved 1114112K
  class space    used 7738K, committed 8064K, reserved 1048576K
}
Event: 2213.042 GC heap before
{Heap before GC invocations=145 (full 94):
 garbage-first heap   total 109568K, used 42637K [0x00000000c0000000, 0x0000000100000000)
  region size 1024K, 1 young (1024K), 0 survivors (0K)
 Metaspace       used 61497K, committed 62144K, reserved 1114112K
  class space    used 7738K, committed 8064K, reserved 1048576K
}
Event: 2213.911 GC heap after
{Heap after GC invocations=146 (full 95):
 garbage-first heap   total 109568K, used 42637K [0x00000000c0000000, 0x0000000100000000)
  region size 1024K, 0 young (0K), 0 survivors (0K)
 Metaspace       used 61497K, committed 62144K, reserved 1114112K
  class space    used 7738K, committed 8064K, reserved 1048576K
}
Event: 2226.653 GC heap before
{Heap before GC invocations=146 (full 95):
 garbage-first heap   total 109568K, used 42637K [0x00000000c0000000, 0x0000000100000000)
  region size 1024K, 1 young (1024K), 0 survivors (0K)
 Metaspace       used 61497K, committed 62144K, reserved 1114112K
  class space    used 7738K, committed 8064K, reserved 1048576K
}
Event: 2228.441 GC heap after
{Heap after GC invocations=147 (full 96):
 garbage-first heap   total 109568K, used 42637K [0x00000000c0000000, 0x0000000100000000)
  region size 1024K, 0 young (0K), 0 survivors (0K)
 Metaspace       used 61497K, committed 62144K, reserved 1114112K
  class space    used 7738K, committed 8064K, reserved 1048576K
}
Event: 2239.984 GC heap before
{Heap before GC invocations=147 (full 96):
 garbage-first heap   total 109568K, used 42637K [0x00000000c0000000, 0x0000000100000000)
  region size 1024K, 1 young (1024K), 0 survivors (0K)
 Metaspace       used 61497K, committed 62144K, reserved 1114112K
  class space    used 7738K, committed 8064K, reserved 1048576K
}

Dll operation events (10 events):
Event: 0.644 Loaded shared library c:\Users\usuario\.vscode\extensions\redhat.java-1.34.0-win32-x64\jre\17.0.12-win32-x86_64\bin\java.dll
Event: 1.487 Loaded shared library C:\Users\usuario\.vscode\extensions\redhat.java-1.34.0-win32-x64\jre\17.0.12-win32-x86_64\bin\net.dll
Event: 1.496 Loaded shared library C:\Users\usuario\.vscode\extensions\redhat.java-1.34.0-win32-x64\jre\17.0.12-win32-x86_64\bin\nio.dll
Event: 1.572 Loaded shared library C:\Users\usuario\.vscode\extensions\redhat.java-1.34.0-win32-x64\jre\17.0.12-win32-x86_64\bin\zip.dll
Event: 4.153 Loaded shared library C:\Users\usuario\.vscode\extensions\redhat.java-1.34.0-win32-x64\jre\17.0.12-win32-x86_64\bin\jimage.dll
Event: 27.896 Loaded shared library c:\Users\usuario\.vscode\extensions\redhat.java-1.34.0-win32-x64\jre\17.0.12-win32-x86_64\bin\verify.dll
Event: 37.515 Loaded shared library C:\Users\usuario\.vscode\extensions\redhat.java-1.34.0-win32-x64\jre\17.0.12-win32-x86_64\bin\management.dll
Event: 37.521 Loaded shared library C:\Users\usuario\.vscode\extensions\redhat.java-1.34.0-win32-x64\jre\17.0.12-win32-x86_64\bin\management_ext.dll
Event: 50.559 Loaded shared library C:\Users\usuario\.vscode\extensions\redhat.java-1.34.0-win32-x64\jre\17.0.12-win32-x86_64\bin\sunmscapi.dll
Event: 50.925 Loaded shared library C:\Users\usuario\.vscode\extensions\redhat.java-1.34.0-win32-x64\jre\17.0.12-win32-x86_64\bin\extnet.dll

Deoptimization events (20 events):
Event: 55.731 Thread 0x00000208eb98a350 DEOPT PACKING pc=0x00000208dec0d58c sp=0x000000db180fe1b0
Event: 55.732 Thread 0x00000208eb98a350 DEOPT UNPACKING pc=0x00000208de347143 sp=0x000000db180fd6e8 mode 0
Event: 55.733 Thread 0x00000208eb902300 DEOPT PACKING pc=0x00000208dec09afc sp=0x000000db177fe870
Event: 55.733 Thread 0x00000208eb902300 DEOPT UNPACKING pc=0x00000208de347143 sp=0x000000db177fdda8 mode 0
Event: 56.627 Thread 0x00000208eb8ffa80 DEOPT PACKING pc=0x00000208de924ea4 sp=0x000000db17bfec90
Event: 56.627 Thread 0x00000208eb8ffa80 DEOPT UNPACKING pc=0x00000208de347143 sp=0x000000db17bfe178 mode 0
Event: 56.642 Thread 0x00000208eb9875c0 DEOPT PACKING pc=0x00000208de924ea4 sp=0x000000db17eff350
Event: 56.642 Thread 0x00000208eb9875c0 DEOPT UNPACKING pc=0x00000208de347143 sp=0x000000db17efe838 mode 0
Event: 58.644 Thread 0x00000208eb902300 DEOPT PACKING pc=0x00000208ded4160c sp=0x000000db177fe440
Event: 58.644 Thread 0x00000208eb902300 DEOPT UNPACKING pc=0x00000208de347143 sp=0x000000db177fd9c0 mode 0
Event: 58.644 Thread 0x00000208eb902300 DEOPT PACKING pc=0x00000208ded4160c sp=0x000000db177fe6a0
Event: 58.644 Thread 0x00000208eb902300 DEOPT UNPACKING pc=0x00000208de347143 sp=0x000000db177fdc20 mode 0
Event: 58.667 Thread 0x00000208eb902300 DEOPT PACKING pc=0x00000208ded4160c sp=0x000000db177feb20
Event: 58.667 Thread 0x00000208eb902300 DEOPT UNPACKING pc=0x00000208de347143 sp=0x000000db177fe0a0 mode 0
Event: 237.189 Thread 0x00000208eb98db00 DEOPT PACKING pc=0x00000208de9e6b04 sp=0x000000db182fd8e0
Event: 237.190 Thread 0x00000208eb98db00 DEOPT UNPACKING pc=0x00000208de347143 sp=0x000000db182fcd58 mode 0
Event: 711.841 Thread 0x00000208eb6bfa50 DEOPT PACKING pc=0x00000208deba55d4 sp=0x000000db171ff100
Event: 711.844 Thread 0x00000208eb6bfa50 DEOPT UNPACKING pc=0x00000208de347143 sp=0x000000db171fe588 mode 0
Event: 1260.341 Thread 0x00000208eb98db00 DEOPT PACKING pc=0x00000208dea328b4 sp=0x000000db156fe450
Event: 1260.344 Thread 0x00000208eb98db00 DEOPT UNPACKING pc=0x00000208de347143 sp=0x000000db156fd9a0 mode 0

Classes loaded (20 events):
Event: 469.663 Loading class java/lang/ProcessBuilder
Event: 469.922 Loading class java/lang/ProcessBuilder done
Event: 469.923 Loading class java/lang/ProcessImpl
Event: 469.971 Loading class java/lang/ProcessImpl done
Event: 470.045 Loading class java/lang/ProcessImpl$2
Event: 470.049 Loading class java/lang/ProcessImpl$2 done
Event: 470.050 Loading class java/lang/Process$PipeInputStream
Event: 470.052 Loading class java/lang/Process$PipeInputStream done
Event: 470.490 Loading class jdk/internal/event/ProcessStartEvent
Event: 470.519 Loading class jdk/internal/event/ProcessStartEvent done
Event: 1260.074 Loading class java/util/Spliterators$IntArraySpliterator
Event: 1260.125 Loading class java/util/Spliterators$IntArraySpliterator done
Event: 1260.221 Loading class java/util/stream/Nodes$IntSpinedNodeBuilder
Event: 1260.240 Loading class java/util/stream/SpinedBuffer$OfInt
Event: 1260.317 Loading class java/util/stream/SpinedBuffer$OfPrimitive
Event: 1260.332 Loading class java/util/stream/SpinedBuffer$OfPrimitive done
Event: 1260.332 Loading class java/util/stream/SpinedBuffer$OfInt done
Event: 1260.333 Loading class java/util/stream/Nodes$IntSpinedNodeBuilder done
Event: 1265.320 Loading class java/util/concurrent/locks/AbstractQueuedSynchronizer$SharedNode
Event: 1265.323 Loading class java/util/concurrent/locks/AbstractQueuedSynchronizer$SharedNode done

Classes unloaded (20 events):
Event: 493.347 Thread 0x00000208e5b81630 Unloading class 0x00000001007d9400 'jdk/internal/reflect/GeneratedConstructorAccessor41'
Event: 493.347 Thread 0x00000208e5b81630 Unloading class 0x000000010008e800 'java/lang/invoke/LambdaForm$MH+0x000000010008e800'
Event: 493.347 Thread 0x00000208e5b81630 Unloading class 0x000000010008e400 'java/lang/invoke/LambdaForm$MH+0x000000010008e400'
Event: 493.347 Thread 0x00000208e5b81630 Unloading class 0x000000010008e000 'java/lang/invoke/LambdaForm$MH+0x000000010008e000'
Event: 493.347 Thread 0x00000208e5b81630 Unloading class 0x000000010008dc00 'java/lang/invoke/LambdaForm$MH+0x000000010008dc00'
Event: 493.347 Thread 0x00000208e5b81630 Unloading class 0x000000010008d800 'java/lang/invoke/LambdaForm$MH+0x000000010008d800'
Event: 493.347 Thread 0x00000208e5b81630 Unloading class 0x000000010008d400 'java/lang/invoke/LambdaForm$MH+0x000000010008d400'
Event: 493.347 Thread 0x00000208e5b81630 Unloading class 0x000000010008bc00 'java/lang/invoke/LambdaForm$MH+0x000000010008bc00'
Event: 1552.441 Thread 0x00000208e5b81630 Unloading class 0x0000000100096000 'java/lang/invoke/LambdaForm$MH+0x0000000100096000'
Event: 1552.445 Thread 0x00000208e5b81630 Unloading class 0x00000001003d9c00 'java/lang/invoke/LambdaForm$MH+0x00000001003d9c00'
Event: 1552.446 Thread 0x00000208e5b81630 Unloading class 0x00000001003dac00 'java/lang/invoke/LambdaForm$MH+0x00000001003dac00'
Event: 1552.446 Thread 0x00000208e5b81630 Unloading class 0x00000001003e8800 'java/lang/invoke/LambdaForm$MH+0x00000001003e8800'
Event: 1619.170 Thread 0x00000208e5b81630 Unloading class 0x000000010059cc00 'jdk/internal/reflect/GeneratedConstructorAccessor56'
Event: 1630.720 Thread 0x00000208e5b81630 Unloading class 0x0000000100088400 'jdk/internal/reflect/GeneratedMethodAccessor29'
Event: 1630.720 Thread 0x00000208e5b81630 Unloading class 0x000000010008c000 'jdk/internal/reflect/GeneratedConstructorAccessor59'
Event: 1630.720 Thread 0x00000208e5b81630 Unloading class 0x0000000100480800 'jdk/internal/reflect/GeneratedMethodAccessor28'
Event: 1630.720 Thread 0x00000208e5b81630 Unloading class 0x0000000100518400 'jdk/internal/reflect/GeneratedConstructorAccessor58'
Event: 1630.720 Thread 0x00000208e5b81630 Unloading class 0x0000000100550000 'jdk/internal/reflect/GeneratedMethodAccessor27'
Event: 1630.720 Thread 0x00000208e5b81630 Unloading class 0x0000000100565000 'jdk/internal/reflect/GeneratedMethodAccessor26'
Event: 1630.720 Thread 0x00000208e5b81630 Unloading class 0x0000000100565800 'jdk/internal/reflect/GeneratedMethodAccessor25'

Classes redefined (0 events):
No events

Internal exceptions (20 events):
Event: 58.793 Thread 0x00000208eb902300 Exception <a 'sun/nio/fs/WindowsException'{0x00000000cbedd408}> (0x00000000cbedd408) 
thrown [s\src\hotspot\share\prims\jni.cpp, line 516]
Event: 58.793 Thread 0x00000208eb902300 Exception <a 'sun/nio/fs/WindowsException'{0x00000000cbeddea8}> (0x00000000cbeddea8) 
thrown [s\src\hotspot\share\prims\jni.cpp, line 516]
Event: 58.793 Thread 0x00000208eb902300 Exception <a 'sun/nio/fs/WindowsException'{0x00000000cbedea28}> (0x00000000cbedea28) 
thrown [s\src\hotspot\share\prims\jni.cpp, line 516]
Event: 58.793 Thread 0x00000208eb902300 Exception <a 'sun/nio/fs/WindowsException'{0x00000000cbedf630}> (0x00000000cbedf630) 
thrown [s\src\hotspot\share\prims\jni.cpp, line 516]
Event: 112.531 Thread 0x00000208eb98a350 Exception <a 'java/lang/NoSuchMethodError'{0x00000000cb669ea8}: 'java.lang.Object java.lang.invoke.DirectMethodHandle$Holder.newInvokeSpecial(java.lang.Object, java.lang.Object, int, java.lang.Object)'> (0x00000000cb669ea8) 
thrown [s\src\hotspot\share\interpreter\linkResolver.cpp, line 759]
Event: 112.532 Thread 0x00000208eb98a350 Exception <a 'java/lang/NoSuchMethodError'{0x00000000cb66da70}: 'java.lang.Object java.lang.invoke.Invokers$Holder.linkToTargetMethod(java.lang.Object, int, java.lang.Object, java.lang.Object)'> (0x00000000cb66da70) 
thrown [s\src\hotspot\share\interpreter\linkResolver.cpp, line 759]
Event: 203.925 Thread 0x00000208eb98db00 NullPointerException in IC check 0x00000208dec493c0
Event: 203.928 Thread 0x00000208eb98db00 Exception <a 'java/lang/NullPointerException'{0x00000000cbe7f328}> (0x00000000cbe7f328) 
thrown [s\src\hotspot\share\runtime\sharedRuntime.cpp, line 631]
Event: 203.959 Thread 0x00000208eb98e010 NullPointerException in IC check 0x00000208dec493c0
Event: 203.959 Thread 0x00000208eb98e010 Exception <a 'java/lang/NullPointerException'{0x00000000cbfd3340}> (0x00000000cbfd3340) 
thrown [s\src\hotspot\share\runtime\sharedRuntime.cpp, line 631]
Event: 204.047 Thread 0x00000208eb98e010 Exception <a 'java/lang/reflect/InvocationTargetException'{0x00000000cb713230}> (0x00000000cb713230) 
thrown [s\src\hotspot\share\runtime\reflection.cpp, line 1128]
Event: 204.048 Thread 0x00000208eb98e010 Exception <a 'java/lang/reflect/InvocationTargetException'{0x00000000cb7aa870}> (0x00000000cb7aa870) 
thrown [s\src\hotspot\share\runtime\reflection.cpp, line 1128]
Event: 204.050 Thread 0x00000208eb98db00 Exception <a 'java/lang/reflect/InvocationTargetException'{0x00000000cbe8af68}> (0x00000000cbe8af68) 
thrown [s\src\hotspot\share\runtime\reflection.cpp, line 1128]
Event: 204.051 Thread 0x00000208eb98db00 Exception <a 'java/lang/reflect/InvocationTargetException'{0x00000000cbe97908}> (0x00000000cbe97908) 
thrown [s\src\hotspot\share\runtime\reflection.cpp, line 1128]
Event: 470.025 Thread 0x00000208eb4f7830 Exception <a 'java/lang/NoSuchMethodError'{0x00000000cd0255a8}: 'void java.lang.invoke.DirectMethodHandle$Holder.invokeStatic(java.lang.Object, long)'> (0x00000000cd0255a8) 
thrown [s\src\hotspot\share\interpreter\linkResolver.cpp, line 759]
Event: 470.041 Thread 0x00000208eb4f7830 Exception <a 'java/lang/NoSuchMethodError'{0x00000000cd02a958}: 'java.lang.Object java.lang.invoke.DirectMethodHandle$Holder.newInvokeSpecial(java.lang.Object, long)'> (0x00000000cd02a958) 
thrown [s\src\hotspot\share\interpreter\linkResolver.cpp, line 759]
Event: 1109.485 Thread 0x00000208eb98db00 NullPointerException in IC check 0x00000208dec493c0
Event: 1109.490 Thread 0x00000208eb98db00 Exception <a 'java/lang/NullPointerException'{0x00000000c60f9c78}> (0x00000000c60f9c78) 
thrown [s\src\hotspot\share\runtime\sharedRuntime.cpp, line 631]
Event: 1109.704 Thread 0x00000208eb98db00 Exception <a 'java/lang/reflect/InvocationTargetException'{0x00000000c5f87d10}> (0x00000000c5f87d10) 
thrown [s\src\hotspot\share\runtime\reflection.cpp, line 1128]
Event: 1109.716 Thread 0x00000208eb98db00 Exception <a 'java/lang/reflect/InvocationTargetException'{0x00000000c5f9a640}> (0x00000000c5f9a640) 
thrown [s\src\hotspot\share\runtime\reflection.cpp, line 1128]

VM Operations (20 events):
Event: 2120.689 Executing VM operation: G1CollectFull done
Event: 2131.720 Executing VM operation: G1CollectFull
Event: 2131.800 Executing VM operation: G1CollectFull done
Event: 2142.227 Executing VM operation: G1CollectFull
Event: 2142.306 Executing VM operation: G1CollectFull done
Event: 2154.984 Executing VM operation: G1CollectFull
Event: 2156.324 Executing VM operation: G1CollectFull done
Event: 2166.786 Executing VM operation: G1CollectFull
Event: 2167.959 Executing VM operation: G1CollectFull done
Event: 2178.602 Executing VM operation: G1CollectFull
Event: 2179.547 Executing VM operation: G1CollectFull done
Event: 2190.379 Executing VM operation: G1CollectFull
Event: 2191.505 Executing VM operation: G1CollectFull done
Event: 2201.978 Executing VM operation: G1CollectFull
Event: 2202.045 Executing VM operation: G1CollectFull done
Event: 2213.038 Executing VM operation: G1CollectFull
Event: 2213.912 Executing VM operation: G1CollectFull done
Event: 2226.633 Executing VM operation: G1CollectFull
Event: 2228.442 Executing VM operation: G1CollectFull done
Event: 2239.940 Executing VM operation: G1CollectFull

Events (20 events):
Event: 1561.031 Thread 0x00000208eca70220 Thread exited: 0x00000208eca70220
Event: 1566.945 Thread 0x00000208eca70c40 Thread exited: 0x00000208eca70c40
Event: 1566.947 Thread 0x00000208eb98b790 Thread exited: 0x00000208eb98b790
Event: 1574.327 Thread 0x00000208eca734c0 Thread exited: 0x00000208eca734c0
Event: 1640.393 Thread 0x00000208eb98e520 Thread exited: 0x00000208eb98e520
Event: 1700.405 Thread 0x00000208eb989e40 Thread exited: 0x00000208eb989e40
Event: 2019.971 Thread 0x00000208eb989420 Thread added: 0x00000208eb989420
Event: 2020.136 Thread 0x00000208eb988f10 Thread added: 0x00000208eb988f10
Event: 2021.476 Thread 0x00000208eb989e40 Thread added: 0x00000208eb989e40
Event: 2021.513 Thread 0x00000208eb98db00 Thread added: 0x00000208eb98db00
Event: 2021.716 Thread 0x00000208eb98c6c0 Thread added: 0x00000208eb98c6c0
Event: 2021.739 Thread 0x00000208eb98ad70 Thread added: 0x00000208eb98ad70
Event: 2021.741 Thread 0x00000208eb98e520 Thread added: 0x00000208eb98e520
Event: 2081.759 Thread 0x00000208eb989e40 Thread exited: 0x00000208eb989e40
Event: 2081.834 Thread 0x00000208eb98c6c0 Thread exited: 0x00000208eb98c6c0
Event: 2081.980 Thread 0x00000208eb98ad70 Thread exited: 0x00000208eb98ad70
Event: 2086.859 Thread 0x00000208eb989420 Thread exited: 0x00000208eb989420
Event: 2086.883 Thread 0x00000208eb988f10 Thread exited: 0x00000208eb988f10
Event: 2086.895 Thread 0x00000208eb98e520 Thread exited: 0x00000208eb98e520
Event: 2141.838 Thread 0x00000208eb98db00 Thread exited: 0x00000208eb98db00


Dynamic libraries:
0x00007ff654640000 - 0x00007ff65464e000 	c:\Users\usuario\.vscode\extensions\redhat.java-1.34.0-win32-x64\jre\17.0.12-win32-x86_64\bin\java.exe
0x00007ffacecd0000 - 0x00007ffaceec8000 	C:\Windows\SYSTEM32\ntdll.dll
0x00007ffacd190000 - 0x00007ffacd251000 	C:\Windows\System32\KERNEL32.DLL
0x00007ffacca00000 - 0x00007ffacccfd000 	C:\Windows\System32\KERNELBASE.dll
0x00007ffab2ba0000 - 0x00007ffab2bb7000 	c:\Users\usuario\.vscode\extensions\redhat.java-1.34.0-win32-x64\jre\17.0.12-win32-x86_64\bin\jli.dll
0x00007ffaa7970000 - 0x00007ffaa798b000 	c:\Users\usuario\.vscode\extensions\redhat.java-1.34.0-win32-x64\jre\17.0.12-win32-x86_64\bin\VCRUNTIME140.dll
0x00007ffacc3f0000 - 0x00007ffacc4f0000 	C:\Windows\System32\ucrtbase.dll
0x00007ffaccff0000 - 0x00007ffacd18d000 	C:\Windows\System32\USER32.dll
0x00007ffacc9d0000 - 0x00007ffacc9f2000 	C:\Windows\System32\win32u.dll
0x00007ffacd4e0000 - 0x00007ffacd50b000 	C:\Windows\System32\GDI32.dll
0x00007ffacc7e0000 - 0x00007ffacc8f7000 	C:\Windows\System32\gdi32full.dll
0x00007ffacc930000 - 0x00007ffacc9cd000 	C:\Windows\System32\msvcp_win.dll
0x00007ffaba010000 - 0x00007ffaba2aa000 	C:\Windows\WinSxS\amd64_microsoft.windows.common-controls_6595b64144ccf1df_6.0.19041.4355_none_60b8b9eb71f62e16\COMCTL32.dll
0x00007fface5c0000 - 0x00007fface65e000 	C:\Windows\System32\msvcrt.dll
0x00007fface780000 - 0x00007fface7af000 	C:\Windows\System32\IMM32.DLL
0x00007ffac5030000 - 0x00007ffac503c000 	c:\Users\usuario\.vscode\extensions\redhat.java-1.34.0-win32-x64\jre\17.0.12-win32-x86_64\bin\vcruntime140_1.dll
0x00007ffa8cda0000 - 0x00007ffa8ce2d000 	c:\Users\usuario\.vscode\extensions\redhat.java-1.34.0-win32-x64\jre\17.0.12-win32-x86_64\bin\msvcp140.dll
0x00007ffa835b0000 - 0x00007ffa8421a000 	c:\Users\usuario\.vscode\extensions\redhat.java-1.34.0-win32-x64\jre\17.0.12-win32-x86_64\bin\server\jvm.dll
0x00007ffacd6c0000 - 0x00007ffacd770000 	C:\Windows\System32\ADVAPI32.dll
0x00007ffacdbf0000 - 0x00007ffacdc90000 	C:\Windows\System32\sechost.dll
0x00007ffacd2c0000 - 0x00007ffacd3e3000 	C:\Windows\System32\RPCRT4.dll
0x00007ffacc900000 - 0x00007ffacc927000 	C:\Windows\System32\bcrypt.dll
0x00007fface8a0000 - 0x00007fface90b000 	C:\Windows\System32\WS2_32.dll
0x00007ffacc0c0000 - 0x00007ffacc10b000 	C:\Windows\SYSTEM32\POWRPROF.dll
0x00007ffab9e30000 - 0x00007ffab9e57000 	C:\Windows\SYSTEM32\WINMM.dll
0x00007ffac28b0000 - 0x00007ffac28ba000 	C:\Windows\SYSTEM32\VERSION.dll
0x00007ffacc0a0000 - 0x00007ffacc0b2000 	C:\Windows\SYSTEM32\UMPDC.dll
0x00007ffaca1c0000 - 0x00007ffaca1d2000 	C:\Windows\SYSTEM32\kernel.appcore.dll
0x00007ffab81b0000 - 0x00007ffab81ba000 	c:\Users\usuario\.vscode\extensions\redhat.java-1.34.0-win32-x64\jre\17.0.12-win32-x86_64\bin\jimage.dll
0x00007ffab8780000 - 0x00007ffab8964000 	C:\Windows\SYSTEM32\DBGHELP.DLL
0x00007ffab86e0000 - 0x00007ffab8714000 	C:\Windows\SYSTEM32\dbgcore.DLL
0x00007ffacc4f0000 - 0x00007ffacc572000 	C:\Windows\System32\bcryptPrimitives.dll
0x00007ffaa2ef0000 - 0x00007ffaa2f15000 	c:\Users\usuario\.vscode\extensions\redhat.java-1.34.0-win32-x64\jre\17.0.12-win32-x86_64\bin\java.dll
0x00007ffab37d0000 - 0x00007ffab37e8000 	c:\Users\usuario\.vscode\extensions\redhat.java-1.34.0-win32-x64\jre\17.0.12-win32-x86_64\bin\zip.dll
0x00007ffacdc90000 - 0x00007fface3ff000 	C:\Windows\System32\SHELL32.dll
0x00007ffaca3c0000 - 0x00007ffacab63000 	C:\Windows\SYSTEM32\windows.storage.dll
0x00007fface930000 - 0x00007ffacec83000 	C:\Windows\System32\combase.dll
0x00007ffacbc00000 - 0x00007ffacbc2e000 	C:\Windows\SYSTEM32\Wldp.dll
0x00007ffaccec0000 - 0x00007ffaccf8d000 	C:\Windows\System32\OLEAUT32.dll
0x00007fface400000 - 0x00007fface4ad000 	C:\Windows\System32\SHCORE.dll
0x00007fface560000 - 0x00007fface5b5000 	C:\Windows\System32\shlwapi.dll
0x00007ffacc2b0000 - 0x00007ffacc2d4000 	C:\Windows\SYSTEM32\profapi.dll
0x00007ffaa2ed0000 - 0x00007ffaa2ee9000 	C:\Users\usuario\.vscode\extensions\redhat.java-1.34.0-win32-x64\jre\17.0.12-win32-x86_64\bin\net.dll
0x00007ffac1c20000 - 0x00007ffac1d2d000 	C:\Windows\SYSTEM32\WINHTTP.dll
0x00007ffacb9e0000 - 0x00007ffacba4a000 	C:\Windows\system32\mswsock.dll
0x00007ffab3840000 - 0x00007ffab3856000 	C:\Users\usuario\.vscode\extensions\redhat.java-1.34.0-win32-x64\jre\17.0.12-win32-x86_64\bin\nio.dll
0x00007ffab5070000 - 0x00007ffab5080000 	c:\Users\usuario\.vscode\extensions\redhat.java-1.34.0-win32-x64\jre\17.0.12-win32-x86_64\bin\verify.dll
0x00007ffacbf50000 - 0x00007ffacbf68000 	C:\Windows\SYSTEM32\CRYPTSP.dll
0x00007ffacb320000 - 0x00007ffacb354000 	C:\Windows\system32\rsaenh.dll
0x00007ffacc270000 - 0x00007ffacc29e000 	C:\Windows\SYSTEM32\USERENV.dll
0x00007ffacbb70000 - 0x00007ffacbb7c000 	C:\Windows\SYSTEM32\CRYPTBASE.dll
0x00007ffacb6e0000 - 0x00007ffacb71b000 	C:\Windows\SYSTEM32\IPHLPAPI.DLL
0x00007ffacceb0000 - 0x00007ffacceb8000 	C:\Windows\System32\NSI.dll
0x00007ffac4740000 - 0x00007ffac4757000 	C:\Windows\SYSTEM32\dhcpcsvc6.DLL
0x00007ffac4720000 - 0x00007ffac473d000 	C:\Windows\SYSTEM32\dhcpcsvc.DLL
0x00007ffacb720000 - 0x00007ffacb7ea000 	C:\Windows\SYSTEM32\DNSAPI.dll
0x00007ffac5240000 - 0x00007ffac5249000 	C:\Users\usuario\.vscode\extensions\redhat.java-1.34.0-win32-x64\jre\17.0.12-win32-x86_64\bin\management.dll
0x00007ffac5230000 - 0x00007ffac523b000 	C:\Users\usuario\.vscode\extensions\redhat.java-1.34.0-win32-x64\jre\17.0.12-win32-x86_64\bin\management_ext.dll
0x00007ffacd770000 - 0x00007ffacd778000 	C:\Windows\System32\PSAPI.DLL
0x00007ffac5250000 - 0x00007ffac525e000 	C:\Users\usuario\.vscode\extensions\redhat.java-1.34.0-win32-x64\jre\17.0.12-win32-x86_64\bin\sunmscapi.dll
0x00007ffacc630000 - 0x00007ffacc78c000 	C:\Windows\System32\CRYPT32.dll
0x00007ffacbc70000 - 0x00007ffacbc99000 	C:\Windows\SYSTEM32\ncrypt.dll
0x00007ffacbc30000 - 0x00007ffacbc6b000 	C:\Windows\SYSTEM32\NTASN1.dll
0x00007ffaa86e0000 - 0x00007ffaa86e7000 	C:\Windows\system32\wshunix.dll
0x00007ffac5220000 - 0x00007ffac5229000 	C:\Users\usuario\.vscode\extensions\redhat.java-1.34.0-win32-x64\jre\17.0.12-win32-x86_64\bin\extnet.dll
0x00007ffab9db0000 - 0x00007ffab9dba000 	C:\Windows\System32\rasadhlp.dll
0x00007ffaba6e0000 - 0x00007ffaba760000 	C:\Windows\System32\fwpuclnt.dll

dbghelp: loaded successfully - version: 4.0.5 - missing functions: none
symbol engine: initialized successfully - sym options: 0x614 - pdb path: .;c:\Users\usuario\.vscode\extensions\redhat.java-1.34.0-win32-x64\jre\17.0.12-win32-x86_64\bin;C:\Windows\SYSTEM32;C:\Windows\WinSxS\amd64_microsoft.windows.common-controls_6595b64144ccf1df_6.0.19041.4355_none_60b8b9eb71f62e16;c:\Users\usuario\.vscode\extensions\redhat.java-1.34.0-win32-x64\jre\17.0.12-win32-x86_64\bin\server

VM Arguments:
jvm_args: -Xmx1024m -Dsts.lsp.client=vscode -Dsts.log.file=/dev/null -XX:TieredStopAtLevel=1 -Xlog:jni+resolve=off 
java_command: c:\Users\usuario\.vscode\extensions\vmware.vscode-spring-boot-1.57.0\language-server\spring-boot-language-server-1.57.0-SNAPSHOT-exec.jar
java_class_path (initial): c:\Users\usuario\.vscode\extensions\vmware.vscode-spring-boot-1.57.0\language-server\spring-boot-language-server-1.57.0-SNAPSHOT-exec.jar
Launcher Type: SUN_STANDARD

[Global flags]
     intx CICompilerCount                          = 3                                         {product} {ergonomic}
     uint ConcGCThreads                            = 1                                         {product} {ergonomic}
     uint G1ConcRefinementThreads                  = 4                                         {product} {ergonomic}
   size_t G1HeapRegionSize                         = 1048576                                   {product} {ergonomic}
    uintx GCDrainStackTargetSize                   = 64                                        {product} {ergonomic}
   size_t InitialHeapSize                          = 65011712                                  {product} {ergonomic}
   size_t MarkStackSize                            = 4194304                                   {product} {ergonomic}
   size_t MaxHeapSize                              = 1073741824                                {product} {command line}
   size_t MaxNewSize                               = 643825664                                 {product} {ergonomic}
   size_t MinHeapDeltaBytes                        = 1048576                                   {product} {ergonomic}
   size_t MinHeapSize                              = 8388608                                   {product} {ergonomic}
    uintx NonProfiledCodeHeapSize                  = 0                                      {pd product} {ergonomic}
     bool ProfileInterpreter                       = false                                  {pd product} {command line}
    uintx ProfiledCodeHeapSize                     = 0                                      {pd product} {ergonomic}
   size_t SoftMaxHeapSize                          = 1073741824                             {manageable} {ergonomic}
     intx TieredStopAtLevel                        = 1                                         {product} {command line}
     bool UseCompressedClassPointers               = true                           {product lp64_product} {ergonomic}
     bool UseCompressedOops                        = true                           {product lp64_product} {ergonomic}
     bool UseG1GC                                  = true                                      {product} {ergonomic}
     bool UseLargePagesIndividualAllocation        = false                                  {pd product} {ergonomic}

Logging:
Log output configuration:
 #0: stdout all=warning,jni+resolve=off uptime,level,tags
 #1: stderr all=off uptime,level,tags

Environment Variables:
JAVA_HOME=C:\spring\jdk-17.0.2
PATH=C:\Program Files\Common Files\Oracle\Java\javapath;C:\Program Files (x86)\Common Files\Oracle\Java\javapath;C:\Python311\Scripts\;C:\Python311\;C:\Windows\system32;C:\Windows;C:\Windows\System32\Wbem;C:\Windows\System32\WindowsPowerShell\v1.0\;C:\Windows\System32\OpenSSH\;C:\Users\usuario\AppData\Roaming\nvm;C:\Program Files\nodejs;C:\Program Files\Git\cmd;C:\Program Files\nodejs\;C:\ProgramData\chocolatey\bin;C:\spring\jdk-17.0.2\bin;C:\spring\jdk-18.0.2\bin;C:\Program Files\PuTTY\;C:\xampp\php;C:\ProgramData\ComposerSetup\bin;C:\Program Files\MySQL\MySQL Server 8.3\bin;C:\Program Files\Docker\Docker\resources\bin;C:\MinGW\binPru;C:\msys64\mingw64\bin;C:\Program Files\dotnet\;C:\Program Files\Amazon\AWSCLIV2\;C:\Users\usuario\AppData\Local\Programs\Python\Python312\Scripts\;C:\Users\usuario\AppData\Local\Programs\Python\Python312\;C:\Users\usuario\AppData\Local\Microsoft\WindowsApps;C:\Users\usuario\AppData\Roaming\nvm;C:\Program Files\nodejs;C:\Users\usuario\AppData\Local\Programs\Microsoft VS Code\bin;C:\Users\usuario\AppData\Roaming\npm;C:\Program Files\JetBrains\IntelliJ IDEA Community Edition 2024.1\bin;;C:\spring\jdk-18.0.2\bin;C:\Program Files\JetBrains\IntelliJ IDEA 2024.1.1\bin;;C:\Users\usuario\AppData\Roaming\Composer\vendor\bin;C:\Program Files\RabbitMQ Server\rabbitmq_server-3.13.2\sbin;C:\curl;
USERNAME=usuario
OS=Windows_NT
PROCESSOR_IDENTIFIER=Intel64 Family 6 Model 78 Stepping 3, GenuineIntel
TMP=C:\Users\usuario\AppData\Local\Temp
TEMP=C:\Users\usuario\AppData\Local\Temp



Periodic native trim disabled


---------------  S Y S T E M  ---------------

OS:
 Windows 10 , 64 bit Build 19041 (10.0.19041.4842)
OS uptime: 0 days 11:57 hours
Hyper-V role detected

CPU: total 4 (initial active 4) (2 cores per cpu, 2 threads per core) family 6 model 78 stepping 3 microcode 0xcc, cx8, cmov, fxsr, ht, mmx, 3dnowpref, sse, sse2, sse3, ssse3, sse4.1, sse4.2, popcnt, lzcnt, tsc, tscinvbit, avx, avx2, aes, erms, clmul, bmi1, bmi2, adx, fma, vzeroupper, clflush, clflushopt, hv
Processor Information for all 4 processors :
  Max Mhz: 2400, Current Mhz: 2300, Mhz Limit: 2280

Memory: 4k page, system-wide physical 3934M (20M free)
TotalPageFile size 16222M (AvailPageFile size 0M)
current process WorkingSet (physical memory assigned to process): 5M, peak: 198M
current process commit charge ("private bytes"): 276M, peak: 399M

vm_info: OpenJDK 64-Bit Server VM (17.0.12+7) for windows-amd64 JRE (17.0.12+7), built on Jul 16 2024 22:08:24 by "admin" with MS VC++ 16.10 / 16.11 (VS2019)

END.
